<?xml version="1.0" encoding="UTF-8"?>
<!-- Generated by org.testng.reporters.JUnitXMLReporter -->
<testsuite hostname="US-C02Z415TLVDT." ignored="1" name="tracingAPIpostTest" tests="5" failures="0" timestamp="30 Dec 2020 15:53:03 GMT" time="7.107" errors="0">
  <testcase name="TestGetResponse" time="1.216" classname="com.morningstar.trackingservice.integrationTests.tracingAPI.tracingAPIpostTest"/>
  <testcase name="TestPostExecutionAndResponse" time="0.413" classname="com.morningstar.trackingservice.integrationTests.tracingAPI.tracingAPIpostTest"/>
  <testcase name="TestPostExecutionAndResponse" time="0.277" classname="com.morningstar.trackingservice.integrationTests.tracingAPI.tracingAPIpostTest"/>
  <testcase name="test03DBChecking" time="2.74" classname="com.morningstar.trackingservice.integrationTests.tracingAPI.tracingAPIpostTest"/>
  <testcase name="test03DBChecking" time="2.436" classname="com.morningstar.trackingservice.integrationTests.tracingAPI.tracingAPIpostTest"/>
  <testcase name="TestGetResponseRegression" time="0.0" classname="com.morningstar.trackingservice.integrationTests.tracingAPI.tracingAPIpostTest">
    <ignored/>
  </testcase> <!-- TestGetResponseRegression -->
</testsuite> <!-- tracingAPIpostTest -->
