<?xml version="1.0" encoding="UTF-8"?>
<!-- Generated by org.testng.reporters.JUnitXMLReporter -->
<testsuite hostname="US-C02Z415TLVDT." ignored="2" name="Default test" tests="1" failures="0" timestamp="2020-12-21T16:04:39 COT" time="1.841" errors="0">
  <testcase name="TestGetResponse" time="1.81" classname="com.morningstar.trackingservice.integrationTests.tracingAPI.tracingAPIpostTest"/>
  <testcase name="test03DBChecking" time="0.0" classname="com.morningstar.trackingservice.integrationTests.tracingAPI.tracingAPIpostTest">
    <ignored/>
  </testcase> <!-- test03DBChecking -->
  <testcase name="TestPostExecutionAndResponse" time="0.0" classname="com.morningstar.trackingservice.integrationTests.tracingAPI.tracingAPIpostTest">
    <ignored/>
  </testcase> <!-- TestPostExecutionAndResponse -->
</testsuite> <!-- Default test -->
