<?xml version="1.0" encoding="UTF-8"?>
<!-- Generated by org.testng.reporters.JUnitXMLReporter -->
<testsuite hostname="US-C02Z415TLVDT" ignored="2" name="Default test" tests="1" failures="0" timestamp="2020-10-21T15:44:05 COT" time="1.899" errors="0">
  <testcase name="test01GET" time="1.863" classname="tracingAPI.test01"/>
  <testcase name="test02POST" time="0.0" classname="tracingAPI.test01">
    <ignored/>
  </testcase> <!-- test02POST -->
  <testcase name="test03DBChecking" time="0.0" classname="tracingAPI.test01">
    <ignored/>
  </testcase> <!-- test03DBChecking -->
</testsuite> <!-- Default test -->
