<?xml version="1.0" encoding="UTF-8"?>
<!-- Generated by org.testng.reporters.JUnitXMLReporter -->
<testsuite hostname="US-C02Z415TLVDT." ignored="0" name="tracingAPIpostTest" tests="5" failures="0" timestamp="2020-12-21T16:08:51 COT" time="6.048" errors="0">
  <testcase name="TestGetResponse" time="1.837" classname="com.morningstar.trackingservice.integrationTests.tracingAPI.tracingAPIpostTest"/>
  <testcase name="TestPostExecutionAndResponse" time="1.019" classname="com.morningstar.trackingservice.integrationTests.tracingAPI.tracingAPIpostTest"/>
  <testcase name="TestPostExecutionAndResponse" time="0.31" classname="com.morningstar.trackingservice.integrationTests.tracingAPI.tracingAPIpostTest"/>
  <testcase name="test03DBChecking" time="1.607" classname="com.morningstar.trackingservice.integrationTests.tracingAPI.tracingAPIpostTest"/>
  <testcase name="test03DBChecking" time="1.223" classname="com.morningstar.trackingservice.integrationTests.tracingAPI.tracingAPIpostTest"/>
</testsuite> <!-- tracingAPIpostTest -->
