<?xml version="1.0" encoding="UTF-8"?>
<!-- Generated by org.testng.reporters.JUnitXMLReporter -->
<testsuite hostname="US-C02Z415TLVDT" ignored="0" name="tracingAPIpostTest" tests="5" failures="1" timestamp="2020-12-04T08:20:20 COT" time="81.478" errors="0">
  <testcase name="TestGetResponse" time="77.63" classname="com.morningstar.trackingservice.integrationTests.tracingAPI.tracingAPIpostTest"/>
  <testcase name="TestPostExecutionAndResponse" time="0.552" classname="com.morningstar.trackingservice.integrationTests.tracingAPI.tracingAPIpostTest"/>
  <testcase name="TestPostExecutionAndResponse" time="0.281" classname="com.morningstar.trackingservice.integrationTests.tracingAPI.tracingAPIpostTest"/>
  <testcase name="test03DBChecking" time="1.656" classname="com.morningstar.trackingservice.integrationTests.tracingAPI.tracingAPIpostTest"/>
  <testcase name="test03DBChecking" time="1.298" classname="com.morningstar.trackingservice.integrationTests.tracingAPI.tracingAPIpostTest">
    <failure type="java.lang.AssertionError" message="expected [{}] but found [[{&amp;quot;clientFundCode&amp;quot;:&amp;quot;NLT&amp;quot;,&amp;quot;secId&amp;quot;:&amp;quot;VAUSA0LZ9Z&amp;quot;,&amp;quot;ticker&amp;quot;:&amp;quot;&amp;quot;,&amp;quot;cusip&amp;quot;:&amp;quot;54400A787&amp;quot;,&amp;quot;products&amp;quot;:{&amp;quot;product&amp;quot;:[{&amp;quot;productId&amp;quot;:&amp;quot;UBS_HancockSig&amp;quot;,&amp;quot;isOpenNewSales&amp;quot;:true}]},&amp;quot;fundName&amp;quot;:&amp;quot;Lord Abbett Value Opportunities Fund&amp;quot;,&amp;quot;isOpen&amp;quot;:true,&amp;quot;isOpenNewSales&amp;quot;:true},{&amp;quot;clientFundCode&amp;quot;:&amp;quot;NLT&amp;quot;,&amp;quot;secId&amp;quot;:&amp;quot;VAUSA0MT6E&amp;quot;,&amp;quot;ticker&amp;quot;:&amp;quot;&amp;quot;,&amp;quot;cusip&amp;quot;:&amp;quot;885216853&amp;quot;,&amp;quot;products&amp;quot;:{&amp;quot;product&amp;quot;:[{&amp;quot;productId&amp;quot;:&amp;quot;UBS_HancockSig&amp;quot;,&amp;quot;isOpenNewSales&amp;quot;:true}]},&amp;quot;fundName&amp;quot;:&amp;quot;Thornburg Limited Term Income Fund&amp;quot;,&amp;quot;isOpen&amp;quot;:true,&amp;quot;isOpenNewSales&amp;quot;:true}]]">
      <![CDATA[java.lang.AssertionError: expected [{}] but found [[{"clientFundCode":"NLT","secId":"VAUSA0LZ9Z","ticker":"","cusip":"54400A787","products":{"product":[{"productId":"UBS_HancockSig","isOpenNewSales":true}]},"fundName":"Lord Abbett Value Opportunities Fund","isOpen":true,"isOpenNewSales":true},{"clientFundCode":"NLT","secId":"VAUSA0MT6E","ticker":"","cusip":"885216853","products":{"product":[{"productId":"UBS_HancockSig","isOpenNewSales":true}]},"fundName":"Thornburg Limited Term Income Fund","isOpen":true,"isOpenNewSales":true}]]
at com.morningstar.trackingservice.integrationTests.tracingAPI.tracingAPIpostTest.test03DBChecking(tracingAPIpostTest.java:102)
at java.util.ArrayList.forEach(ArrayList.java:1257)
... Removed 33 stack frames]]>
    </failure>
  </testcase> <!-- test03DBChecking -->
</testsuite> <!-- tracingAPIpostTest -->
