<?xml version="1.0" encoding="UTF-8"?>
<testng-results skipped="0" failed="0" ignored="1" total="6" passed="5">
  <reporter-output>
  </reporter-output>
  <suite name="Tracing api" duration-ms="7107" started-at="2020-12-30T15:52:26Z" finished-at="2020-12-30T15:52:33Z">
    <groups>
    </groups>
    <test name="tracingAPIpostTest" duration-ms="7107" started-at="2020-12-30T15:52:26Z" finished-at="2020-12-30T15:52:33Z">
      <class name="com.morningstar.trackingservice.integrationTests.tracingAPI.tracingAPIpostTest">
        <test-method status="PASS" signature="TestGetResponse(java.lang.String, java.lang.String)[pri:0, instance:com.morningstar.trackingservice.integrationTests.tracingAPI.tracingAPIpostTest@2f7a2457]" name="TestGetResponse" duration-ms="1216" started-at="2020-12-30T10:52:26Z" finished-at="2020-12-30T10:52:27Z">
          <params>
            <param index="0">
              <value>
                <![CDATA[QA]]>
              </value>
            </param>
            <param index="1">
              <value>
                <![CDATA[SMOKE]]>
              </value>
            </param>
          </params>
          <reporter-output>
          </reporter-output>
        </test-method> <!-- TestGetResponse -->
        <test-method status="PASS" signature="TestPostExecutionAndResponse(java.lang.String, java.lang.String, java.lang.String, java.lang.String, java.lang.String, java.lang.String, java.lang.String, java.lang.String, java.lang.String, java.lang.String, java.lang.String, java.lang.String, java.lang.String, java.lang.String, java.lang.String, java.lang.String, java.lang.String)[pri:0, instance:com.morningstar.trackingservice.integrationTests.tracingAPI.tracingAPIpostTest@2f7a2457]" name="TestPostExecutionAndResponse" duration-ms="413" started-at="2020-12-30T10:52:27Z" data-provider="tracingAPIData" finished-at="2020-12-30T10:52:27Z">
          <params>
            <param index="0">
              <value>
                <![CDATA[90]]>
              </value>
            </param>
            <param index="1">
              <value>
                <![CDATA[TEST]]>
              </value>
            </param>
            <param index="2">
              <value>
                <![CDATA[Test.xls]]>
              </value>
            </param>
            <param index="3">
              <value>
                <![CDATA[20]]>
              </value>
            </param>
            <param index="4">
              <value>
                <![CDATA[2]]>
              </value>
            </param>
            <param index="5">
              <value>
                <![CDATA[5]]>
              </value>
            </param>
            <param index="6">
              <value>
                <![CDATA[6]]>
              </value>
            </param>
            <param index="7">
              <value>
                <![CDATA[[{"clientFundCode":"NLT","secId":"VAUSA0LZ9Z","ticker":"","cusip":"54400A787","products":{"product":[{"productId":"UBS_HancockSig","isOpenNewSales":true}]},"fundName":"Lord Abbett Value Opportunities Fund","isOpen":true,"isOpenNewSales":true},{"clientFundCode":"NLT","secId":"VAUSA0MT6E","ticker":"","cusip":"885216853","products":{"product":[{"productId":"UBS_HancockSig","isOpenNewSales":true}]},"fundName":"Thornburg Limited Term Income Fund","isOpen":true,"isOpenNewSales":true}]]]>
              </value>
            </param>
            <param index="8">
              <value>
                <![CDATA[{}]]>
              </value>
            </param>
            <param index="9">
              <value>
                <![CDATA[Initech]]>
              </value>
            </param>
            <param index="10">
              <value>
                <![CDATA[FTP]]>
              </value>
            </param>
            <param index="11">
              <value>
                <![CDATA[FINISHED]]>
              </value>
            </param>
            <param index="12">
              <value>
                <![CDATA[[{"clientFundCode":"NLT","secId":"VAUSA0LZ9Z","ticker":"","cusip":"54400A787","products":{"product":[{"productId":"UBS_HancockSig","isOpenNewSales":true}]},"fundName":"Lord Abbett Value Opportunities Fund","isOpen":true,"isOpenNewSales":true},{"clientFundCode":"NLT","secId":"VAUSA0MT6E","ticker":"","cusip":"885216853","products":{"product":[{"productId":"UBS_HancockSig","isOpenNewSales":true}]},"fundName":"Thornburg Limited Term Income Fund","isOpen":true,"isOpenNewSales":true}]]]>
              </value>
            </param>
            <param index="13">
              <value>
                <![CDATA[[{"clientFundCode":"NLT","secId":"VAUSA0LZ9Z","ticker":"","cusip":"54400A787","products":{"product":[{"productId":"UBS_HancockSig","isOpenNewSales":true}]},"fundName":"Lord Abbett Value Opportunities Fund","isOpen":true,"isOpenNewSales":true},{"clientFundCode":"NLT","secId":"VAUSA0MT6E","ticker":"","cusip":"885216853","products":{"product":[{"productId":"UBS_HancockSig","isOpenNewSales":true}]},"fundName":"Thornburg Limited Term Income Fund","isOpen":true,"isOpenNewSales":true}]]]>
              </value>
            </param>
            <param index="14">
              <value>
                <![CDATA[[{"clientFundCode":"NLT","secId":"VAUSA0LZ9Z","ticker":"","cusip":"54400A787","products":{"product":[{"productId":"UBS_HancockSig","isOpenNewSales":true}]},"fundName":"Lord Abbett Value Opportunities Fund","isOpen":true,"isOpenNewSales":true},{"clientFundCode":"NLT","secId":"VAUSA0MT6E","ticker":"","cusip":"885216853","products":{"product":[{"productId":"UBS_HancockSig","isOpenNewSales":true}]},"fundName":"Thornburg Limited Term Income Fund","isOpen":true,"isOpenNewSales":true}]]]>
              </value>
            </param>
            <param index="15">
              <value>
                <![CDATA[John Madden]]>
              </value>
            </param>
            <param index="16">
              <value>
                <![CDATA[1a09278078eb426a9406f017ae912ed0]]>
              </value>
            </param>
          </params>
          <reporter-output>
          </reporter-output>
        </test-method> <!-- TestPostExecutionAndResponse -->
        <test-method status="PASS" signature="TestPostExecutionAndResponse(java.lang.String, java.lang.String, java.lang.String, java.lang.String, java.lang.String, java.lang.String, java.lang.String, java.lang.String, java.lang.String, java.lang.String, java.lang.String, java.lang.String, java.lang.String, java.lang.String, java.lang.String, java.lang.String, java.lang.String)[pri:0, instance:com.morningstar.trackingservice.integrationTests.tracingAPI.tracingAPIpostTest@2f7a2457]" name="TestPostExecutionAndResponse" duration-ms="277" started-at="2020-12-30T10:52:27Z" data-provider="tracingAPIData" finished-at="2020-12-30T10:52:28Z">
          <params>
            <param index="0">
              <value>
                <![CDATA[90]]>
              </value>
            </param>
            <param index="1">
              <value>
                <![CDATA[TEST]]>
              </value>
            </param>
            <param index="2">
              <value>
                <![CDATA[Test.xls]]>
              </value>
            </param>
            <param index="3">
              <value>
                <![CDATA[20]]>
              </value>
            </param>
            <param index="4">
              <value>
                <![CDATA[2]]>
              </value>
            </param>
            <param index="5">
              <value>
                <![CDATA[5]]>
              </value>
            </param>
            <param index="6">
              <value>
                <![CDATA[6]]>
              </value>
            </param>
            <param index="7">
              <value>
                <![CDATA[{}]]>
              </value>
            </param>
            <param index="8">
              <value>
                <![CDATA[{}]]>
              </value>
            </param>
            <param index="9">
              <value>
                <![CDATA[Initech]]>
              </value>
            </param>
            <param index="10">
              <value>
                <![CDATA[FTP]]>
              </value>
            </param>
            <param index="11">
              <value>
                <![CDATA[FINISHED]]>
              </value>
            </param>
            <param index="12">
              <value>
                <![CDATA[{}]]>
              </value>
            </param>
            <param index="13">
              <value>
                <![CDATA[{}]]>
              </value>
            </param>
            <param index="14">
              <value>
                <![CDATA[{}]]>
              </value>
            </param>
            <param index="15">
              <value>
                <![CDATA[John Madden]]>
              </value>
            </param>
            <param index="16">
              <value>
                <![CDATA[5a971ffda4be4561b381190e98ea4ac9]]>
              </value>
            </param>
          </params>
          <reporter-output>
          </reporter-output>
        </test-method> <!-- TestPostExecutionAndResponse -->
        <test-method status="PASS" signature="test03DBChecking(java.lang.String, java.lang.String, java.lang.String, java.lang.String, java.lang.String, java.lang.String, java.lang.String, java.lang.String, java.lang.String, java.lang.String, java.lang.String, java.lang.String, java.lang.String, java.lang.String, java.lang.String, java.lang.String, java.lang.String)[pri:0, instance:com.morningstar.trackingservice.integrationTests.tracingAPI.tracingAPIpostTest@2f7a2457]" name="test03DBChecking" duration-ms="2740" started-at="2020-12-30T10:52:28Z" data-provider="tracingAPIOne" finished-at="2020-12-30T10:52:30Z">
          <params>
            <param index="0">
              <value>
                <![CDATA[90]]>
              </value>
            </param>
            <param index="1">
              <value>
                <![CDATA[TEST]]>
              </value>
            </param>
            <param index="2">
              <value>
                <![CDATA[Test.xls]]>
              </value>
            </param>
            <param index="3">
              <value>
                <![CDATA[20]]>
              </value>
            </param>
            <param index="4">
              <value>
                <![CDATA[2]]>
              </value>
            </param>
            <param index="5">
              <value>
                <![CDATA[5]]>
              </value>
            </param>
            <param index="6">
              <value>
                <![CDATA[6]]>
              </value>
            </param>
            <param index="7">
              <value>
                <![CDATA[[{"clientFundCode":"NLT","secId":"VAUSA0LZ9Z","ticker":"","cusip":"54400A787","products":{"product":[{"productId":"UBS_HancockSig","isOpenNewSales":true}]},"fundName":"Lord Abbett Value Opportunities Fund","isOpen":true,"isOpenNewSales":true},{"clientFundCode":"NLT","secId":"VAUSA0MT6E","ticker":"","cusip":"885216853","products":{"product":[{"productId":"UBS_HancockSig","isOpenNewSales":true}]},"fundName":"Thornburg Limited Term Income Fund","isOpen":true,"isOpenNewSales":true}]]]>
              </value>
            </param>
            <param index="8">
              <value>
                <![CDATA[{}]]>
              </value>
            </param>
            <param index="9">
              <value>
                <![CDATA[Initech]]>
              </value>
            </param>
            <param index="10">
              <value>
                <![CDATA[FTP]]>
              </value>
            </param>
            <param index="11">
              <value>
                <![CDATA[FINISHED]]>
              </value>
            </param>
            <param index="12">
              <value>
                <![CDATA[[{"clientFundCode":"NLT","secId":"VAUSA0LZ9Z","ticker":"","cusip":"54400A787","products":{"product":[{"productId":"UBS_HancockSig","isOpenNewSales":true}]},"fundName":"Lord Abbett Value Opportunities Fund","isOpen":true,"isOpenNewSales":true},{"clientFundCode":"NLT","secId":"VAUSA0MT6E","ticker":"","cusip":"885216853","products":{"product":[{"productId":"UBS_HancockSig","isOpenNewSales":true}]},"fundName":"Thornburg Limited Term Income Fund","isOpen":true,"isOpenNewSales":true}]]]>
              </value>
            </param>
            <param index="13">
              <value>
                <![CDATA[[{"clientFundCode":"NLT","secId":"VAUSA0LZ9Z","ticker":"","cusip":"54400A787","products":{"product":[{"productId":"UBS_HancockSig","isOpenNewSales":true}]},"fundName":"Lord Abbett Value Opportunities Fund","isOpen":true,"isOpenNewSales":true},{"clientFundCode":"NLT","secId":"VAUSA0MT6E","ticker":"","cusip":"885216853","products":{"product":[{"productId":"UBS_HancockSig","isOpenNewSales":true}]},"fundName":"Thornburg Limited Term Income Fund","isOpen":true,"isOpenNewSales":true}]]]>
              </value>
            </param>
            <param index="14">
              <value>
                <![CDATA[[{"clientFundCode":"NLT","secId":"VAUSA0LZ9Z","ticker":"","cusip":"54400A787","products":{"product":[{"productId":"UBS_HancockSig","isOpenNewSales":true}]},"fundName":"Lord Abbett Value Opportunities Fund","isOpen":true,"isOpenNewSales":true},{"clientFundCode":"NLT","secId":"VAUSA0MT6E","ticker":"","cusip":"885216853","products":{"product":[{"productId":"UBS_HancockSig","isOpenNewSales":true}]},"fundName":"Thornburg Limited Term Income Fund","isOpen":true,"isOpenNewSales":true}]]]>
              </value>
            </param>
            <param index="15">
              <value>
                <![CDATA[John Madden]]>
              </value>
            </param>
            <param index="16">
              <value>
                <![CDATA[934ebd067dc4446586e7255bd8b679f6]]>
              </value>
            </param>
          </params>
          <reporter-output>
          </reporter-output>
        </test-method> <!-- test03DBChecking -->
        <test-method status="PASS" signature="test03DBChecking(java.lang.String, java.lang.String, java.lang.String, java.lang.String, java.lang.String, java.lang.String, java.lang.String, java.lang.String, java.lang.String, java.lang.String, java.lang.String, java.lang.String, java.lang.String, java.lang.String, java.lang.String, java.lang.String, java.lang.String)[pri:0, instance:com.morningstar.trackingservice.integrationTests.tracingAPI.tracingAPIpostTest@2f7a2457]" name="test03DBChecking" duration-ms="2436" started-at="2020-12-30T10:52:30Z" data-provider="tracingAPIOne" finished-at="2020-12-30T10:52:33Z">
          <params>
            <param index="0">
              <value>
                <![CDATA[90]]>
              </value>
            </param>
            <param index="1">
              <value>
                <![CDATA[TEST]]>
              </value>
            </param>
            <param index="2">
              <value>
                <![CDATA[Test.xls]]>
              </value>
            </param>
            <param index="3">
              <value>
                <![CDATA[20]]>
              </value>
            </param>
            <param index="4">
              <value>
                <![CDATA[2]]>
              </value>
            </param>
            <param index="5">
              <value>
                <![CDATA[5]]>
              </value>
            </param>
            <param index="6">
              <value>
                <![CDATA[6]]>
              </value>
            </param>
            <param index="7">
              <value>
                <![CDATA[{}]]>
              </value>
            </param>
            <param index="8">
              <value>
                <![CDATA[{}]]>
              </value>
            </param>
            <param index="9">
              <value>
                <![CDATA[Initech]]>
              </value>
            </param>
            <param index="10">
              <value>
                <![CDATA[FTP]]>
              </value>
            </param>
            <param index="11">
              <value>
                <![CDATA[FINISHED]]>
              </value>
            </param>
            <param index="12">
              <value>
                <![CDATA[{}]]>
              </value>
            </param>
            <param index="13">
              <value>
                <![CDATA[{}]]>
              </value>
            </param>
            <param index="14">
              <value>
                <![CDATA[{}]]>
              </value>
            </param>
            <param index="15">
              <value>
                <![CDATA[John Madden]]>
              </value>
            </param>
            <param index="16">
              <value>
                <![CDATA[018b0ca7789f4b7fbeaae8f5d4e2771f]]>
              </value>
            </param>
          </params>
          <reporter-output>
          </reporter-output>
        </test-method> <!-- test03DBChecking -->
      </class> <!-- com.morningstar.trackingservice.integrationTests.tracingAPI.tracingAPIpostTest -->
    </test> <!-- tracingAPIpostTest -->
  </suite> <!-- Tracing api -->
</testng-results>
