<?xml version="1.0" encoding="UTF-8"?>
<testng-results skipped="0" failed="0" ignored="2" total="3" passed="1">
  <reporter-output>
  </reporter-output>
  <suite name="Default suite" duration-ms="1621" started-at="2020-11-05T11:06:47 COT" finished-at="2020-11-05T11:06:49 COT">
    <groups>
    </groups>
    <test name="Default test" duration-ms="1621" started-at="2020-11-05T11:06:47 COT" finished-at="2020-11-05T11:06:49 COT">
      <class name="tracingAPI.test01">
        <test-method status="PASS" signature="test01GET()[pri:0, instance:tracingAPI.test01@d44fc21]" name="test01GET" duration-ms="1592" started-at="2020-11-05T11:06:47 COT" finished-at="2020-11-05T11:06:49 COT">
          <reporter-output>
          </reporter-output>
        </test-method> <!-- test01GET -->
      </class> <!-- tracingAPI.test01 -->
    </test> <!-- Default test -->
  </suite> <!-- Default suite -->
</testng-results>
