<?xml version="1.0" encoding="UTF-8"?>
<testng-results skipped="0" failed="0" ignored="0" total="5" passed="5">
  <reporter-output>
  </reporter-output>
  <suite name="Tracing api" duration-ms="6048" started-at="2020-12-21T16:08:15 COT" finished-at="2020-12-21T16:08:21 COT">
    <groups>
    </groups>
    <test name="tracingAPIpostTest" duration-ms="6048" started-at="2020-12-21T16:08:15 COT" finished-at="2020-12-21T16:08:21 COT">
      <class name="com.morningstar.trackingservice.integrationTests.tracingAPI.tracingAPIpostTest">
        <test-method status="PASS" signature="TestGetResponse(java.lang.String, java.lang.String)[pri:0, instance:com.morningstar.trackingservice.integrationTests.tracingAPI.tracingAPIpostTest@10bbd20a]" name="TestGetResponse" duration-ms="1837" started-at="2020-12-21T16:08:15 COT" finished-at="2020-12-21T16:08:17 COT">
          <params>
            <param index="0">
              <value>
                <![CDATA[QA]]>
              </value>
            </param>
            <param index="1">
              <value>
                <![CDATA[SMOKE]]>
              </value>
            </param>
          </params>
          <reporter-output>
          </reporter-output>
        </test-method> <!-- TestGetResponse -->
        <test-method status="PASS" signature="TestPostExecutionAndResponse(java.lang.String, java.lang.String, java.lang.String, java.lang.String, java.lang.String, java.lang.String, java.lang.String, java.lang.String, java.lang.String, java.lang.String, java.lang.String, java.lang.String, java.lang.String, java.lang.String, java.lang.String, java.lang.String, java.lang.String)[pri:0, instance:com.morningstar.trackingservice.integrationTests.tracingAPI.tracingAPIpostTest@10bbd20a]" name="TestPostExecutionAndResponse" duration-ms="1019" started-at="2020-12-21T16:08:17 COT" data-provider="tracingAPIData" finished-at="2020-12-21T16:08:18 COT">
          <params>
            <param index="0">
              <value>
                <![CDATA[90]]>
              </value>
            </param>
            <param index="1">
              <value>
                <![CDATA[TEST]]>
              </value>
            </param>
            <param index="2">
              <value>
                <![CDATA[Test.xls]]>
              </value>
            </param>
            <param index="3">
              <value>
                <![CDATA[20]]>
              </value>
            </param>
            <param index="4">
              <value>
                <![CDATA[2]]>
              </value>
            </param>
            <param index="5">
              <value>
                <![CDATA[5]]>
              </value>
            </param>
            <param index="6">
              <value>
                <![CDATA[6]]>
              </value>
            </param>
            <param index="7">
              <value>
                <![CDATA[[{"clientFundCode":"NLT","secId":"VAUSA0LZ9Z","ticker":"","cusip":"54400A787","products":{"product":[{"productId":"UBS_HancockSig","isOpenNewSales":true}]},"fundName":"Lord Abbett Value Opportunities Fund","isOpen":true,"isOpenNewSales":true},{"clientFundCode":"NLT","secId":"VAUSA0MT6E","ticker":"","cusip":"885216853","products":{"product":[{"productId":"UBS_HancockSig","isOpenNewSales":true}]},"fundName":"Thornburg Limited Term Income Fund","isOpen":true,"isOpenNewSales":true}]]]>
              </value>
            </param>
            <param index="8">
              <value>
                <![CDATA[{}]]>
              </value>
            </param>
            <param index="9">
              <value>
                <![CDATA[Initech]]>
              </value>
            </param>
            <param index="10">
              <value>
                <![CDATA[FTP]]>
              </value>
            </param>
            <param index="11">
              <value>
                <![CDATA[FINISHED]]>
              </value>
            </param>
            <param index="12">
              <value>
                <![CDATA[[{"clientFundCode":"NLT","secId":"VAUSA0LZ9Z","ticker":"","cusip":"54400A787","products":{"product":[{"productId":"UBS_HancockSig","isOpenNewSales":true}]},"fundName":"Lord Abbett Value Opportunities Fund","isOpen":true,"isOpenNewSales":true},{"clientFundCode":"NLT","secId":"VAUSA0MT6E","ticker":"","cusip":"885216853","products":{"product":[{"productId":"UBS_HancockSig","isOpenNewSales":true}]},"fundName":"Thornburg Limited Term Income Fund","isOpen":true,"isOpenNewSales":true}]]]>
              </value>
            </param>
            <param index="13">
              <value>
                <![CDATA[[{"clientFundCode":"NLT","secId":"VAUSA0LZ9Z","ticker":"","cusip":"54400A787","products":{"product":[{"productId":"UBS_HancockSig","isOpenNewSales":true}]},"fundName":"Lord Abbett Value Opportunities Fund","isOpen":true,"isOpenNewSales":true},{"clientFundCode":"NLT","secId":"VAUSA0MT6E","ticker":"","cusip":"885216853","products":{"product":[{"productId":"UBS_HancockSig","isOpenNewSales":true}]},"fundName":"Thornburg Limited Term Income Fund","isOpen":true,"isOpenNewSales":true}]]]>
              </value>
            </param>
            <param index="14">
              <value>
                <![CDATA[[{"clientFundCode":"NLT","secId":"VAUSA0LZ9Z","ticker":"","cusip":"54400A787","products":{"product":[{"productId":"UBS_HancockSig","isOpenNewSales":true}]},"fundName":"Lord Abbett Value Opportunities Fund","isOpen":true,"isOpenNewSales":true},{"clientFundCode":"NLT","secId":"VAUSA0MT6E","ticker":"","cusip":"885216853","products":{"product":[{"productId":"UBS_HancockSig","isOpenNewSales":true}]},"fundName":"Thornburg Limited Term Income Fund","isOpen":true,"isOpenNewSales":true}]]]>
              </value>
            </param>
            <param index="15">
              <value>
                <![CDATA[John Madden]]>
              </value>
            </param>
            <param index="16">
              <value>
                <![CDATA[9473353d8b8e43819b28a1a926d76187]]>
              </value>
            </param>
          </params>
          <reporter-output>
          </reporter-output>
        </test-method> <!-- TestPostExecutionAndResponse -->
        <test-method status="PASS" signature="TestPostExecutionAndResponse(java.lang.String, java.lang.String, java.lang.String, java.lang.String, java.lang.String, java.lang.String, java.lang.String, java.lang.String, java.lang.String, java.lang.String, java.lang.String, java.lang.String, java.lang.String, java.lang.String, java.lang.String, java.lang.String, java.lang.String)[pri:0, instance:com.morningstar.trackingservice.integrationTests.tracingAPI.tracingAPIpostTest@10bbd20a]" name="TestPostExecutionAndResponse" duration-ms="310" started-at="2020-12-21T16:08:18 COT" data-provider="tracingAPIData" finished-at="2020-12-21T16:08:18 COT">
          <params>
            <param index="0">
              <value>
                <![CDATA[90]]>
              </value>
            </param>
            <param index="1">
              <value>
                <![CDATA[TEST]]>
              </value>
            </param>
            <param index="2">
              <value>
                <![CDATA[Test.xls]]>
              </value>
            </param>
            <param index="3">
              <value>
                <![CDATA[20]]>
              </value>
            </param>
            <param index="4">
              <value>
                <![CDATA[2]]>
              </value>
            </param>
            <param index="5">
              <value>
                <![CDATA[5]]>
              </value>
            </param>
            <param index="6">
              <value>
                <![CDATA[6]]>
              </value>
            </param>
            <param index="7">
              <value>
                <![CDATA[{}]]>
              </value>
            </param>
            <param index="8">
              <value>
                <![CDATA[{}]]>
              </value>
            </param>
            <param index="9">
              <value>
                <![CDATA[Initech]]>
              </value>
            </param>
            <param index="10">
              <value>
                <![CDATA[FTP]]>
              </value>
            </param>
            <param index="11">
              <value>
                <![CDATA[FINISHED]]>
              </value>
            </param>
            <param index="12">
              <value>
                <![CDATA[{}]]>
              </value>
            </param>
            <param index="13">
              <value>
                <![CDATA[{}]]>
              </value>
            </param>
            <param index="14">
              <value>
                <![CDATA[{}]]>
              </value>
            </param>
            <param index="15">
              <value>
                <![CDATA[John Madden]]>
              </value>
            </param>
            <param index="16">
              <value>
                <![CDATA[f9f8111bbb55442380dd8b948ae9cecf]]>
              </value>
            </param>
          </params>
          <reporter-output>
          </reporter-output>
        </test-method> <!-- TestPostExecutionAndResponse -->
        <test-method status="PASS" signature="test03DBChecking(java.lang.String, java.lang.String, java.lang.String, java.lang.String, java.lang.String, java.lang.String, java.lang.String, java.lang.String, java.lang.String, java.lang.String, java.lang.String, java.lang.String, java.lang.String, java.lang.String, java.lang.String, java.lang.String, java.lang.String)[pri:0, instance:com.morningstar.trackingservice.integrationTests.tracingAPI.tracingAPIpostTest@10bbd20a]" name="test03DBChecking" duration-ms="1607" started-at="2020-12-21T16:08:18 COT" data-provider="tracingAPIData" finished-at="2020-12-21T16:08:20 COT">
          <params>
            <param index="0">
              <value>
                <![CDATA[90]]>
              </value>
            </param>
            <param index="1">
              <value>
                <![CDATA[TEST]]>
              </value>
            </param>
            <param index="2">
              <value>
                <![CDATA[Test.xls]]>
              </value>
            </param>
            <param index="3">
              <value>
                <![CDATA[20]]>
              </value>
            </param>
            <param index="4">
              <value>
                <![CDATA[2]]>
              </value>
            </param>
            <param index="5">
              <value>
                <![CDATA[5]]>
              </value>
            </param>
            <param index="6">
              <value>
                <![CDATA[6]]>
              </value>
            </param>
            <param index="7">
              <value>
                <![CDATA[[{"clientFundCode":"NLT","secId":"VAUSA0LZ9Z","ticker":"","cusip":"54400A787","products":{"product":[{"productId":"UBS_HancockSig","isOpenNewSales":true}]},"fundName":"Lord Abbett Value Opportunities Fund","isOpen":true,"isOpenNewSales":true},{"clientFundCode":"NLT","secId":"VAUSA0MT6E","ticker":"","cusip":"885216853","products":{"product":[{"productId":"UBS_HancockSig","isOpenNewSales":true}]},"fundName":"Thornburg Limited Term Income Fund","isOpen":true,"isOpenNewSales":true}]]]>
              </value>
            </param>
            <param index="8">
              <value>
                <![CDATA[{}]]>
              </value>
            </param>
            <param index="9">
              <value>
                <![CDATA[Initech]]>
              </value>
            </param>
            <param index="10">
              <value>
                <![CDATA[FTP]]>
              </value>
            </param>
            <param index="11">
              <value>
                <![CDATA[FINISHED]]>
              </value>
            </param>
            <param index="12">
              <value>
                <![CDATA[[{"clientFundCode":"NLT","secId":"VAUSA0LZ9Z","ticker":"","cusip":"54400A787","products":{"product":[{"productId":"UBS_HancockSig","isOpenNewSales":true}]},"fundName":"Lord Abbett Value Opportunities Fund","isOpen":true,"isOpenNewSales":true},{"clientFundCode":"NLT","secId":"VAUSA0MT6E","ticker":"","cusip":"885216853","products":{"product":[{"productId":"UBS_HancockSig","isOpenNewSales":true}]},"fundName":"Thornburg Limited Term Income Fund","isOpen":true,"isOpenNewSales":true}]]]>
              </value>
            </param>
            <param index="13">
              <value>
                <![CDATA[[{"clientFundCode":"NLT","secId":"VAUSA0LZ9Z","ticker":"","cusip":"54400A787","products":{"product":[{"productId":"UBS_HancockSig","isOpenNewSales":true}]},"fundName":"Lord Abbett Value Opportunities Fund","isOpen":true,"isOpenNewSales":true},{"clientFundCode":"NLT","secId":"VAUSA0MT6E","ticker":"","cusip":"885216853","products":{"product":[{"productId":"UBS_HancockSig","isOpenNewSales":true}]},"fundName":"Thornburg Limited Term Income Fund","isOpen":true,"isOpenNewSales":true}]]]>
              </value>
            </param>
            <param index="14">
              <value>
                <![CDATA[[{"clientFundCode":"NLT","secId":"VAUSA0LZ9Z","ticker":"","cusip":"54400A787","products":{"product":[{"productId":"UBS_HancockSig","isOpenNewSales":true}]},"fundName":"Lord Abbett Value Opportunities Fund","isOpen":true,"isOpenNewSales":true},{"clientFundCode":"NLT","secId":"VAUSA0MT6E","ticker":"","cusip":"885216853","products":{"product":[{"productId":"UBS_HancockSig","isOpenNewSales":true}]},"fundName":"Thornburg Limited Term Income Fund","isOpen":true,"isOpenNewSales":true}]]]>
              </value>
            </param>
            <param index="15">
              <value>
                <![CDATA[John Madden]]>
              </value>
            </param>
            <param index="16">
              <value>
                <![CDATA[6b9a37dc73ac45339207666b9bc12d74]]>
              </value>
            </param>
          </params>
          <reporter-output>
          </reporter-output>
        </test-method> <!-- test03DBChecking -->
        <test-method status="PASS" signature="test03DBChecking(java.lang.String, java.lang.String, java.lang.String, java.lang.String, java.lang.String, java.lang.String, java.lang.String, java.lang.String, java.lang.String, java.lang.String, java.lang.String, java.lang.String, java.lang.String, java.lang.String, java.lang.String, java.lang.String, java.lang.String)[pri:0, instance:com.morningstar.trackingservice.integrationTests.tracingAPI.tracingAPIpostTest@10bbd20a]" name="test03DBChecking" duration-ms="1223" started-at="2020-12-21T16:08:20 COT" data-provider="tracingAPIData" finished-at="2020-12-21T16:08:21 COT">
          <params>
            <param index="0">
              <value>
                <![CDATA[90]]>
              </value>
            </param>
            <param index="1">
              <value>
                <![CDATA[TEST]]>
              </value>
            </param>
            <param index="2">
              <value>
                <![CDATA[Test.xls]]>
              </value>
            </param>
            <param index="3">
              <value>
                <![CDATA[20]]>
              </value>
            </param>
            <param index="4">
              <value>
                <![CDATA[2]]>
              </value>
            </param>
            <param index="5">
              <value>
                <![CDATA[5]]>
              </value>
            </param>
            <param index="6">
              <value>
                <![CDATA[6]]>
              </value>
            </param>
            <param index="7">
              <value>
                <![CDATA[{}]]>
              </value>
            </param>
            <param index="8">
              <value>
                <![CDATA[{}]]>
              </value>
            </param>
            <param index="9">
              <value>
                <![CDATA[Initech]]>
              </value>
            </param>
            <param index="10">
              <value>
                <![CDATA[FTP]]>
              </value>
            </param>
            <param index="11">
              <value>
                <![CDATA[FINISHED]]>
              </value>
            </param>
            <param index="12">
              <value>
                <![CDATA[{}]]>
              </value>
            </param>
            <param index="13">
              <value>
                <![CDATA[{}]]>
              </value>
            </param>
            <param index="14">
              <value>
                <![CDATA[{}]]>
              </value>
            </param>
            <param index="15">
              <value>
                <![CDATA[John Madden]]>
              </value>
            </param>
            <param index="16">
              <value>
                <![CDATA[d7e5dce919f94e9983c083e1d3ee942c]]>
              </value>
            </param>
          </params>
          <reporter-output>
          </reporter-output>
        </test-method> <!-- test03DBChecking -->
      </class> <!-- com.morningstar.trackingservice.integrationTests.tracingAPI.tracingAPIpostTest -->
    </test> <!-- tracingAPIpostTest -->
  </suite> <!-- Tracing api -->
</testng-results>
