<?xml version="1.0" encoding="UTF-8"?>
<!-- Generated by org.testng.reporters.JUnitXMLReporter -->
<testsuite hostname="US-WASH-2LVQST2" ignored="0" name="Command line test" tests="4" failures="4" timestamp="23 Aug 2021 12:33:51 GMT" time="0.06" errors="0">
  <testcase name="TestGetResponse" time="0.0" classname="com.morningstar.trackingservice.integrationTests.tracingAPI.tracingAPIpostTest">
    <failure type="org.testng.TestNGException" message="
Parameter &amp;apos;environment&amp;apos; is required by @Test on method TestGetResponse but has not been marked @Optional or defined
">
      <![CDATA[org.testng.TestNGException: 
Parameter 'environment' is required by @Test on method TestGetResponse but has not been marked @Optional or defined

... Removed 32 stack frames]]>
    </failure>
  </testcase> <!-- TestGetResponse -->
  <testcase name="TestGetResponseRegression" time="0.0" classname="com.morningstar.trackingservice.integrationTests.tracingAPI.tracingAPIpostTest">
    <failure type="org.testng.TestNGException" message="
Parameter &amp;apos;environment&amp;apos; is required by @Test on method TestGetResponseRegression but has not been marked @Optional or defined
">
      <![CDATA[org.testng.TestNGException: 
Parameter 'environment' is required by @Test on method TestGetResponseRegression but has not been marked @Optional or defined

... Removed 32 stack frames]]>
    </failure>
  </testcase> <!-- TestGetResponseRegression -->
  <testcase name="TestPostExecutionAndResponse" time="0.005" classname="com.morningstar.trackingservice.integrationTests.tracingAPI.tracingAPIpostTest">
    <failure type="java.lang.NullPointerException">
      <![CDATA[java.lang.NullPointerException
	at com.morningstar.trackingservice.integrationTests.tracingAPI.tracingAPIpostTest.TestPostExecutionAndResponse(tracingAPIpostTest.java:87)
... Removed 34 stack frames]]>
    </failure>
  </testcase> <!-- TestPostExecutionAndResponse -->
  <testcase name="TestPostExecutionAndResponse" time="0.001" classname="com.morningstar.trackingservice.integrationTests.tracingAPI.tracingAPIpostTest">
    <failure type="java.lang.NullPointerException">
      <![CDATA[java.lang.NullPointerException
	at com.morningstar.trackingservice.integrationTests.tracingAPI.tracingAPIpostTest.TestPostExecutionAndResponse(tracingAPIpostTest.java:87)
... Removed 34 stack frames]]>
    </failure>
  </testcase> <!-- TestPostExecutionAndResponse -->
</testsuite> <!-- Command line test -->
