<?xml version="1.0" encoding="UTF-8"?>
<!-- Generated by org.testng.reporters.JUnitXMLReporter -->
<testsuite hostname="US-C02Z415TLVDT." ignored="0" name="Command line test" tests="5" failures="5" timestamp="21 Dec 2020 21:40:34 GMT" time="0.043" errors="0">
  <testcase name="TestGetResponse" time="0.0" classname="com.morningstar.trackingservice.integrationTests.tracingAPI.tracingAPIpostTest">
    <failure type="org.testng.TestNGException" message="
Parameter &amp;apos;environment&amp;apos; is required by @Test on method TestGetResponse but has not been marked @Optional or defined
">
      <![CDATA[org.testng.TestNGException: 
Parameter 'environment' is required by @Test on method TestGetResponse but has not been marked @Optional or defined

... Removed 32 stack frames]]>
    </failure>
  </testcase> <!-- TestGetResponse -->
  <testcase name="TestPostExecutionAndResponse" time="0.003" classname="com.morningstar.trackingservice.integrationTests.tracingAPI.tracingAPIpostTest">
    <failure type="java.lang.NullPointerException">
      <![CDATA[java.lang.NullPointerException
	at com.morningstar.trackingservice.integrationTests.tracingAPI.tracingAPIpostTest.TestPostExecutionAndResponse(tracingAPIpostTest.java:65)
... Removed 34 stack frames]]>
    </failure>
  </testcase> <!-- TestPostExecutionAndResponse -->
  <testcase name="TestPostExecutionAndResponse" time="0.0" classname="com.morningstar.trackingservice.integrationTests.tracingAPI.tracingAPIpostTest">
    <failure type="java.lang.NullPointerException">
      <![CDATA[java.lang.NullPointerException
	at com.morningstar.trackingservice.integrationTests.tracingAPI.tracingAPIpostTest.TestPostExecutionAndResponse(tracingAPIpostTest.java:65)
... Removed 34 stack frames]]>
    </failure>
  </testcase> <!-- TestPostExecutionAndResponse -->
  <testcase name="test03DBChecking" time="0.002" classname="com.morningstar.trackingservice.integrationTests.tracingAPI.tracingAPIpostTest">
    <failure type="java.lang.NullPointerException">
      <![CDATA[java.lang.NullPointerException
	at com.morningstar.trackingservice.integrationTests.tracingAPI.tracingAPIpostTest.test03DBChecking(tracingAPIpostTest.java:91)
... Removed 34 stack frames]]>
    </failure>
  </testcase> <!-- test03DBChecking -->
  <testcase name="test03DBChecking" time="0.0" classname="com.morningstar.trackingservice.integrationTests.tracingAPI.tracingAPIpostTest">
    <failure type="java.lang.NullPointerException">
      <![CDATA[java.lang.NullPointerException
	at com.morningstar.trackingservice.integrationTests.tracingAPI.tracingAPIpostTest.test03DBChecking(tracingAPIpostTest.java:91)
... Removed 34 stack frames]]>
    </failure>
  </testcase> <!-- test03DBChecking -->
</testsuite> <!-- Command line test -->
